

*******************************************************************************
Sat Apr 25 18:05:20 2015


FIT:    data read from "data/logdepth.dat" u 1:2
        format = x:z
        #datapoints = 8
        residuals are weighted equally (unit weight)

function used for fitting: f(x)
fitted parameters initialized with current variable values



 Iteration 0
 WSSR        : 308.521           delta(WSSR)/WSSR   : 0
 delta(WSSR) : 0                 limit for stopping : 1e-05
 lambda	  : 5.38276

initial set of free parameter values

a               = 1
b               = 1

After 5 iterations the fit converged.
final sum of squares of residuals : 0.00639889
rel. change during last iteration : -4.87984e-10

degrees of freedom    (FIT_NDF)                        : 6
rms of residuals      (FIT_STDFIT) = sqrt(WSSR/ndf)    : 0.032657
variance of residuals (reduced chisquare) = WSSR/ndf   : 0.00106648

Final set of parameters            Asymptotic Standard Error
=======================            ==========================

a               = 1.08837          +/- 0.00838      (0.7699%)
b               = 6.55315          +/- 0.06324      (0.965%)


correlation matrix of the fit parameters:

               a      b      
a               1.000 
b              -0.983  1.000 
