This is pdfTeX, Version 3.14159265-2.6-1.40.15 (TeX Live 2014/Debian) (preloaded format=latex 2015.3.30)  8 APR 2015 23:26
entering extended mode
 restricted \write18 enabled.
 %&-line parsing enabled.
**trimspaces.ins
(./trimspaces.ins
LaTeX2e <2014/05/01>
Babel <3.9k> and hyphenation patterns for 3 languages loaded.
! I can't find file `pstool.tex'.
l.3 \input pstool.tex
                     
(Press Enter to retry, or Control-D to exit)
Please type another input file name: trimspaces
(./trimspaces.tex

! LaTeX Error: File `filecontents.sty' not found.

Type X to quit or <RETURN> to proceed,
or enter new name. (Default extension: sty)

Enter file name: q

! LaTeX Error: File `q.sty' not found.

Type X to quit or <RETURN> to proceed,
or enter new name. (Default extension: sty)

Enter file name: 
! Interruption.
<to be read again> 
                   }
l.2 \begin
          {filecontents*}{README.txt}^^M
? q
OK, entering \batchmode...

LaTeX Warning: Writing file `./README.txt'.

\openout15 = `README.txt'.



LaTeX Warning: Writing file `./trimspaces.sty'.

\openout15 = `trimspaces.sty'.


) ) 
Here is how much of TeX's memory you used:
 17 strings out of 495011
 275 string characters out of 6180894
 45992 words of memory out of 5000000
 3326 multiletter control sequences out of 15000+600000
 3640 words of font info for 14 fonts, out of 8000000 for 9000
 14 hyphenation exceptions out of 8191
 12i,0n,7p,102b,54s stack positions out of 5000i,500n,10000p,200000b,80000s

No pages of output.
